#
# There is insufficient memory for the Java Runtime Environment to continue.
# Native memory allocation (malloc) failed to allocate 32744 bytes for ChunkPool::allocate
# Possible reasons:
#   The system is out of physical RAM or swap space
#   In 32 bit mode, the process size limit was hit
# Possible solutions:
#   Reduce memory load on the system
#   Increase physical memory or swap space
#   Check if swap backing store is full
#   Use 64 bit Java on a 64 bit OS
#   Decrease Java heap size (-Xmx/-Xms)
#   Decrease number of Java threads
#   Decrease Java thread stack sizes (-Xss)
#   Set larger code cache with -XX:ReservedCodeCacheSize=
# This output file may be truncated or incomplete.
#
#  Out of Memory Error (allocation.cpp:273), pid=7152, tid=18624
#
# JRE version: Java(TM) SE Runtime Environment (8.0_40-b26) (build 1.8.0_40-b26)
# Java VM: Java HotSpot(TM) 64-Bit Server VM (25.40-b25 mixed mode windows-amd64 compressed oops)
# Failed to write core dump. Minidumps are not enabled by default on client versions of Windows
#

---------------  T H R E A D  ---------------

Current thread (0x00000000200cc800):  JavaThread "C2 CompilerThread0" daemon [_thread_in_native, id=18624, stack(0x0000000020990000,0x0000000020a90000)]

Stack: [0x0000000020990000,0x0000000020a90000]
Native frames: (J=compiled Java code, j=interpreted, Vv=VM code, C=native code)
V  [jvm.dll+0x32b47a]
V  [jvm.dll+0x2797f3]
V  [jvm.dll+0x27a489]
V  [jvm.dll+0x2717a5]
V  [jvm.dll+0xcb7c4]
V  [jvm.dll+0xcb9e7]
V  [jvm.dll+0xcbe6c]
V  [jvm.dll+0x4ea9e0]
V  [jvm.dll+0x4864c4]
V  [jvm.dll+0x48aee2]
V  [jvm.dll+0x48e445]
V  [jvm.dll+0x4fb052]
V  [jvm.dll+0x4f5e77]
V  [jvm.dll+0x4f61f9]
V  [jvm.dll+0x4f678f]
V  [jvm.dll+0x450fc0]
V  [jvm.dll+0x4516bd]
V  [jvm.dll+0x475ce1]
V  [jvm.dll+0x4fd245]
V  [jvm.dll+0x4f5e77]
V  [jvm.dll+0x4f61f9]
V  [jvm.dll+0x4f678f]
V  [jvm.dll+0x450fc0]
V  [jvm.dll+0x475ce1]
V  [jvm.dll+0x4fd245]
V  [jvm.dll+0x4f5e77]
V  [jvm.dll+0x4f61f9]
V  [jvm.dll+0x4f678f]
V  [jvm.dll+0x450fc0]
V  [jvm.dll+0x475ce1]
V  [jvm.dll+0x4fd245]
V  [jvm.dll+0x4f5e77]
V  [jvm.dll+0x4f61f9]
V  [jvm.dll+0x4f678f]
V  [jvm.dll+0x450fc0]
V  [jvm.dll+0x475ce1]
V  [jvm.dll+0x4fd245]
V  [jvm.dll+0x4f5e77]
V  [jvm.dll+0x4f61f9]
V  [jvm.dll+0x4f678f]
V  [jvm.dll+0x450fc0]
V  [jvm.dll+0x475ce1]
V  [jvm.dll+0x4fd245]
V  [jvm.dll+0x4f5e77]
V  [jvm.dll+0x4f61f9]
V  [jvm.dll+0x4f678f]
V  [jvm.dll+0x450fc0]
V  [jvm.dll+0x4516bd]
V  [jvm.dll+0x475ce1]
V  [jvm.dll+0x4fd245]
V  [jvm.dll+0x4f5e77]
V  [jvm.dll+0x4f61f9]
V  [jvm.dll+0x4f678f]
V  [jvm.dll+0x450fc0]
V  [jvm.dll+0x475ce1]
V  [jvm.dll+0x4fd245]
V  [jvm.dll+0x4f5e77]
V  [jvm.dll+0x4f61f9]
V  [jvm.dll+0x4f678f]
V  [jvm.dll+0x450fc0]
V  [jvm.dll+0x46cac5]
V  [jvm.dll+0x4500d2]
V  [jvm.dll+0xa4312]
V  [jvm.dll+0xa4c4f]
V  [jvm.dll+0x241914]
V  [jvm.dll+0x29848a]
C  [msvcr100.dll+0x21d9f]
C  [msvcr100.dll+0x21e3b]
C  [KERNEL32.DLL+0x14034]
C  [ntdll.dll+0x73691]


Current CompileTask:
C2:  13159 3227       4       org.locationtech.jts.geomgraph.GeometryGraph::addPolygon (46 bytes)


---------------  P R O C E S S  ---------------

Java Threads: ( => current thread )
  0x0000000022755000 JavaThread "WeakCollectionCleaner" daemon [_thread_blocked, id=19612, stack(0x0000000023d70000,0x0000000023e70000)]
  0x00000000200c4800 JavaThread "Service Thread" daemon [_thread_blocked, id=2832, stack(0x0000000020d90000,0x0000000020e90000)]
  0x00000000200bf000 JavaThread "C1 CompilerThread3" daemon [_thread_in_vm, id=1052, stack(0x0000000020c90000,0x0000000020d90000)]
  0x00000000200b8000 JavaThread "C2 CompilerThread2" daemon [_thread_in_native, id=15728, stack(0x0000000020b90000,0x0000000020c90000)]
  0x00000000200b4800 JavaThread "C2 CompilerThread1" daemon [_thread_in_native, id=20484, stack(0x0000000020a90000,0x0000000020b90000)]
=>0x00000000200cc800 JavaThread "C2 CompilerThread0" daemon [_thread_in_native, id=18624, stack(0x0000000020990000,0x0000000020a90000)]
  0x000000001fe8d800 JavaThread "Monitor Ctrl-Break" daemon [_thread_in_native, id=14932, stack(0x0000000020890000,0x0000000020990000)]
  0x000000001fb24000 JavaThread "Attach Listener" daemon [_thread_blocked, id=1732, stack(0x000000001ff90000,0x0000000020090000)]
  0x000000001fad3000 JavaThread "Signal Dispatcher" daemon [_thread_blocked, id=2372, stack(0x000000001fe90000,0x000000001ff90000)]
  0x0000000002c5a000 JavaThread "Finalizer" daemon [_thread_blocked, id=14844, stack(0x000000001e550000,0x000000001e650000)]
  0x0000000002c59000 JavaThread "Reference Handler" daemon [_thread_blocked, id=4704, stack(0x000000001e450000,0x000000001e550000)]
  0x0000000002b65800 JavaThread "main" [_thread_in_Java, id=6216, stack(0x00000000028b0000,0x00000000029b0000)]

Other Threads:
  0x000000001c689800 VMThread [stack: 0x000000001e350000,0x000000001e450000] [id=3836]
  0x00000000200cd000 WatcherThread [stack: 0x0000000020e90000,0x0000000020f90000] [id=3324]

VM state:not at safepoint (normal execution)

VM Mutex/Monitor currently owned by a thread: None

Heap:
 PSYoungGen      total 430592K, used 294129K [0x000000076b380000, 0x0000000788500000, 0x00000007c0000000)
  eden space 422400K, 69% used [0x000000076b380000,0x000000077d0b4738,0x0000000785000000)
  from space 8192K, 25% used [0x0000000785d00000,0x0000000785f08000,0x0000000786500000)
  to   space 13312K, 0% used [0x0000000785000000,0x0000000785000000,0x0000000785d00000)
 ParOldGen       total 98304K, used 15002K [0x00000006c1a00000, 0x00000006c7a00000, 0x000000076b380000)
  object space 98304K, 15% used [0x00000006c1a00000,0x00000006c28a6aa0,0x00000006c7a00000)
 Metaspace       used 25176K, capacity 25552K, committed 25856K, reserved 1073152K
  class space    used 2854K, capacity 2952K, committed 3072K, reserved 1048576K

Card table byte_map: [0x0000000012020000,0x0000000012820000] byte_map_base: 0x000000000ea13000

Marking Bits: (ParMarkBitMap*) 0x0000000054094040
 Begin Bits: [0x0000000013570000, 0x0000000017508000)
 End Bits:   [0x0000000017508000, 0x000000001b4a0000)

Polling page: 0x0000000000a80000

CodeCache: size=245760Kb used=11071Kb max_used=11085Kb free=234688Kb
 bounds [0x0000000002c60000, 0x0000000003750000, 0x0000000011c60000]
 total_blobs=3664 nmethods=3169 adapters=407
 compilation: enabled

Compilation events (10 events):
Event: 13.046 Thread 0x00000000200b4800 3222       4       org.locationtech.jts.geom.Envelope::contains (6 bytes)
Event: 13.046 Thread 0x00000000200cc800 3223       4       org.locationtech.jts.geom.Envelope::covers (70 bytes)
Event: 13.047 Thread 0x00000000200b4800 nmethod 3222 0x00000000037163d0 code [0x0000000003716520, 0x0000000003716678]
Event: 13.048 Thread 0x00000000200cc800 nmethod 3223 0x00000000037327d0 code [0x0000000003732920, 0x0000000003732a78]
Event: 13.058 Thread 0x00000000200b8000 3224       4       org.locationtech.jts.operation.overlay.PolygonBuilder::computePolygons (60 bytes)
Event: 13.068 Thread 0x00000000200b4800 3225       4       org.locationtech.jts.geomgraph.GeometryGraph::addPolygonRing (118 bytes)
Event: 13.071 Thread 0x00000000200bf000 3226       1       org.locationtech.jts.geomgraph.DirectedEdge::getMinEdgeRing (5 bytes)
Event: 13.072 Thread 0x00000000200bf000 nmethod 3226 0x000000000371abd0 code [0x000000000371ad20, 0x000000000371ae30]
Event: 13.072 Thread 0x00000000200cc800 3227       4       org.locationtech.jts.geomgraph.GeometryGraph::addPolygon (46 bytes)
Event: 13.077 Thread 0x00000000200b8000 nmethod 3224 0x000000000373e610 code [0x000000000373e7c0, 0x000000000373f638]

GC Heap History (10 events):
Event: 9.602 GC heap before
{Heap before GC invocations=15 (full 1):
 PSYoungGen      total 375808K, used 363680K [0x000000076b380000, 0x0000000785700000, 0x00000007c0000000)
  eden space 360448K, 100% used [0x000000076b380000,0x0000000781380000,0x0000000781380000)
  from space 15360K, 21% used [0x0000000781380000,0x00000007816a8000,0x0000000782280000)
  to   space 15360K, 0% used [0x0000000782280000,0x0000000782280000,0x0000000783180000)
 ParOldGen       total 98304K, used 15002K [0x00000006c1a00000, 0x00000006c7a00000, 0x000000076b380000)
  object space 98304K, 15% used [0x00000006c1a00000,0x00000006c28a6aa0,0x00000006c7a00000)
 Metaspace       used 24571K, capacity 24976K, committed 25216K, reserved 1071104K
  class space    used 2798K, capacity 2888K, committed 2944K, reserved 1048576K
Event: 9.604 GC heap after
Heap after GC invocations=15 (full 1):
 PSYoungGen      total 375808K, used 2560K [0x000000076b380000, 0x0000000785700000, 0x00000007c0000000)
  eden space 360448K, 0% used [0x000000076b380000,0x000000076b380000,0x0000000781380000)
  from space 15360K, 16% used [0x0000000782280000,0x0000000782500000,0x0000000783180000)
  to   space 15360K, 0% used [0x0000000781380000,0x0000000781380000,0x0000000782280000)
 ParOldGen       total 98304K, used 15002K [0x00000006c1a00000, 0x00000006c7a00000, 0x000000076b380000)
  object space 98304K, 15% used [0x00000006c1a00000,0x00000006c28a6aa0,0x00000006c7a00000)
 Metaspace       used 24571K, capacity 24976K, committed 25216K, reserved 1071104K
  class space    used 2798K, capacity 2888K, committed 2944K, reserved 1048576K
}
Event: 10.295 GC heap before
{Heap before GC invocations=16 (full 1):
 PSYoungGen      total 375808K, used 363008K [0x000000076b380000, 0x0000000785700000, 0x00000007c0000000)
  eden space 360448K, 100% used [0x000000076b380000,0x0000000781380000,0x0000000781380000)
  from space 15360K, 16% used [0x0000000782280000,0x0000000782500000,0x0000000783180000)
  to   space 15360K, 0% used [0x0000000781380000,0x0000000781380000,0x0000000782280000)
 ParOldGen       total 98304K, used 15002K [0x00000006c1a00000, 0x00000006c7a00000, 0x000000076b380000)
  object space 98304K, 15% used [0x00000006c1a00000,0x00000006c28a6aa0,0x00000006c7a00000)
 Metaspace       used 24571K, capacity 24976K, committed 25216K, reserved 1071104K
  class space    used 2798K, capacity 2888K, committed 2944K, reserved 1048576K
Event: 10.297 GC heap after
Heap after GC invocations=16 (full 1):
 PSYoungGen      total 375808K, used 2208K [0x000000076b380000, 0x0000000786b80000, 0x00000007c0000000)
  eden space 360448K, 0% used [0x000000076b380000,0x000000076b380000,0x0000000781380000)
  from space 15360K, 14% used [0x0000000781380000,0x00000007815a8000,0x0000000782280000)
  to   space 14848K, 0% used [0x0000000785d00000,0x0000000785d00000,0x0000000786b80000)
 ParOldGen       total 98304K, used 15002K [0x00000006c1a00000, 0x00000006c7a00000, 0x000000076b380000)
  object space 98304K, 15% used [0x00000006c1a00000,0x00000006c28a6aa0,0x00000006c7a00000)
 Metaspace       used 24571K, capacity 24976K, committed 25216K, reserved 1071104K
  class space    used 2798K, capacity 2888K, committed 2944K, reserved 1048576K
}
Event: 10.962 GC heap before
{Heap before GC invocations=17 (full 1):
 PSYoungGen      total 375808K, used 362656K [0x000000076b380000, 0x0000000786b80000, 0x00000007c0000000)
  eden space 360448K, 100% used [0x000000076b380000,0x0000000781380000,0x0000000781380000)
  from space 15360K, 14% used [0x0000000781380000,0x00000007815a8000,0x0000000782280000)
  to   space 14848K, 0% used [0x0000000785d00000,0x0000000785d00000,0x0000000786b80000)
 ParOldGen       total 98304K, used 15002K [0x00000006c1a00000, 0x00000006c7a00000, 0x000000076b380000)
  object space 98304K, 15% used [0x00000006c1a00000,0x00000006c28a6aa0,0x00000006c7a00000)
 Metaspace       used 24572K, capacity 24976K, committed 25216K, reserved 1071104K
  class space    used 2798K, capacity 2888K, committed 2944K, reserved 1048576K
Event: 10.964 GC heap after
Heap after GC invocations=17 (full 1):
 PSYoungGen      total 423424K, used 1984K [0x000000076b380000, 0x0000000786500000, 0x00000007c0000000)
  eden space 415232K, 0% used [0x000000076b380000,0x000000076b380000,0x0000000784900000)
  from space 8192K, 24% used [0x0000000785d00000,0x0000000785ef0000,0x0000000786500000)
  to   space 14336K, 0% used [0x0000000784900000,0x0000000784900000,0x0000000785700000)
 ParOldGen       total 98304K, used 15002K [0x00000006c1a00000, 0x00000006c7a00000, 0x000000076b380000)
  object space 98304K, 15% used [0x00000006c1a00000,0x00000006c28a6aa0,0x00000006c7a00000)
 Metaspace       used 24572K, capacity 24976K, committed 25216K, reserved 1071104K
  class space    used 2798K, capacity 2888K, committed 2944K, reserved 1048576K
}
Event: 11.731 GC heap before
{Heap before GC invocations=18 (full 1):
 PSYoungGen      total 423424K, used 417216K [0x000000076b380000, 0x0000000786500000, 0x00000007c0000000)
  eden space 415232K, 100% used [0x000000076b380000,0x0000000784900000,0x0000000784900000)
  from space 8192K, 24% used [0x0000000785d00000,0x0000000785ef0000,0x0000000786500000)
  to   space 14336K, 0% used [0x0000000784900000,0x0000000784900000,0x0000000785700000)
 ParOldGen       total 98304K, used 15002K [0x00000006c1a00000, 0x00000006c7a00000, 0x000000076b380000)
  object space 98304K, 15% used [0x00000006c1a00000,0x00000006c28a6aa0,0x00000006c7a00000)
 Metaspace       used 24574K, capacity 24976K, committed 25216K, reserved 1071104K
  class space    used 2798K, capacity 2888K, committed 2944K, reserved 1048576K
Event: 11.732 GC heap after
Heap after GC invocations=18 (full 1):
 PSYoungGen      total 429568K, used 1872K [0x000000076b380000, 0x0000000786500000, 0x00000007c0000000)
  eden space 415232K, 0% used [0x000000076b380000,0x000000076b380000,0x0000000784900000)
  from space 14336K, 13% used [0x0000000784900000,0x0000000784ad4120,0x0000000785700000)
  to   space 8192K, 0% used [0x0000000785d00000,0x0000000785d00000,0x0000000786500000)
 ParOldGen       total 98304K, used 15002K [0x00000006c1a00000, 0x00000006c7a00000, 0x000000076b380000)
  object space 98304K, 15% used [0x00000006c1a00000,0x00000006c28a6aa0,0x00000006c7a00000)
 Metaspace       used 24574K, capacity 24976K, committed 25216K, reserved 1071104K
  class space    used 2798K, capacity 2888K, committed 2944K, reserved 1048576K
}
Event: 12.532 GC heap before
{Heap before GC invocations=19 (full 1):
 PSYoungGen      total 429568K, used 417104K [0x000000076b380000, 0x0000000786500000, 0x00000007c0000000)
  eden space 415232K, 100% used [0x000000076b380000,0x0000000784900000,0x0000000784900000)
  from space 14336K, 13% used [0x0000000784900000,0x0000000784ad4120,0x0000000785700000)
  to   space 8192K, 0% used [0x0000000785d00000,0x0000000785d00000,0x0000000786500000)
 ParOldGen       total 98304K, used 15002K [0x00000006c1a00000, 0x00000006c7a00000, 0x000000076b380000)
  object space 98304K, 15% used [0x00000006c1a00000,0x00000006c28a6aa0,0x00000006c7a00000)
 Metaspace       used 24574K, capacity 24976K, committed 25216K, reserved 1071104K
  class space    used 2798K, capacity 2888K, committed 2944K, reserved 1048576K
Event: 12.534 GC heap after
Heap after GC invocations=19 (full 1):
 PSYoungGen      total 430592K, used 2080K [0x000000076b380000, 0x0000000788500000, 0x00000007c0000000)
  eden space 422400K, 0% used [0x000000076b380000,0x000000076b380000,0x0000000785000000)
  from space 8192K, 25% used [0x0000000785d00000,0x0000000785f08000,0x0000000786500000)
  to   space 13312K, 0% used [0x0000000785000000,0x0000000785000000,0x0000000785d00000)
 ParOldGen       total 98304K, used 15002K [0x00000006c1a00000, 0x00000006c7a00000, 0x000000076b380000)
  object space 98304K, 15% used [0x00000006c1a00000,0x00000006c28a6aa0,0x00000006c7a00000)
 Metaspace       used 24574K, capacity 24976K, committed 25216K, reserved 1071104K
  class space    used 2798K, capacity 2888K, committed 2944K, reserved 1048576K
}

Deoptimization events (10 events):
Event: 12.969 Thread 0x0000000002b65800 Uncommon trap: reason=class_check action=maybe_recompile pc=0x0000000003663298 method=org.locationtech.jts.algorithm.PointLocator.locate(Lorg/locationtech/jts/geom/Coordinate;Lorg/locationtech/jts/geom/Geometry;)I @ 1
Event: 13.001 Thread 0x0000000002b65800 Uncommon trap: reason=unstable_if action=reinterpret pc=0x00000000036c1000 method=org.locationtech.jts.geomgraph.GeometryGraph.addPolygon(Lorg/locationtech/jts/geom/Polygon;)V @ 20
Event: 13.001 Thread 0x0000000002b65800 Uncommon trap: reason=unstable_if action=reinterpret pc=0x00000000036ad330 method=org.locationtech.jts.algorithm.Orientation.isCCW([Lorg/locationtech/jts/geom/Coordinate;)Z @ 211
Event: 13.010 Thread 0x0000000002b65800 Uncommon trap: reason=unstable_if action=reinterpret pc=0x0000000003627a48 method=org.locationtech.jts.operation.overlay.PolygonBuilder.buildMinimalEdgeRings(Ljava/util/List;Ljava/util/List;Ljava/util/List;)Ljava/util/List; @ 45
Event: 13.010 Thread 0x0000000002b65800 Uncommon trap: reason=predicate action=maybe_recompile pc=0x00000000035acad4 method=org.locationtech.jts.geomgraph.EdgeRing.computePoints(Lorg/locationtech/jts/geomgraph/DirectedEdge;)V @ 23
Event: 13.010 Thread 0x0000000002b65800 Uncommon trap: reason=class_check action=maybe_recompile pc=0x0000000002dd3648 method=org.locationtech.jts.operation.overlay.PolygonBuilder.computePolygons(Ljava/util/List;)Ljava/util/List; @ 30
Event: 13.010 Thread 0x0000000002b65800 Uncommon trap: reason=unstable_if action=reinterpret pc=0x0000000002d64ebc method=org.locationtech.jts.geomgraph.EdgeRing.toPolygon(Lorg/locationtech/jts/geom/GeometryFactory;)Lorg/locationtech/jts/geom/Polygon; @ 21
Event: 13.054 Thread 0x0000000002b65800 Uncommon trap: reason=class_check action=maybe_recompile pc=0x0000000002dd3648 method=org.locationtech.jts.operation.overlay.PolygonBuilder.computePolygons(Ljava/util/List;)Ljava/util/List; @ 30
Event: 13.054 Thread 0x0000000002b65800 Uncommon trap: reason=class_check action=maybe_recompile pc=0x0000000002dd3648 method=org.locationtech.jts.operation.overlay.PolygonBuilder.computePolygons(Ljava/util/List;)Ljava/util/List; @ 30
Event: 13.055 Thread 0x0000000002b65800 Uncommon trap: reason=class_check action=maybe_recompile pc=0x0000000002dd3648 method=org.locationtech.jts.operation.overlay.PolygonBuilder.computePolygons(Ljava/util/List;)Ljava/util/List; @ 30

Internal exceptions (10 events):
Event: 1.836 Thread 0x0000000002b65800 Exception <a 'java/lang/NullPointerException'> (0x000000076bdd15d8) thrown at [D:\re\workspace\8-2-build-windows-amd64-cygwin\jdk8u40\3098\hotspot\src\share\vm\runtime\sharedRuntime.cpp, line 605]
Event: 1.836 Thread 0x0000000002b65800 Implicit null exception at 0x0000000002fe4e97 to 0x0000000002fe55a1
Event: 1.836 Thread 0x0000000002b65800 Exception <a 'java/lang/NullPointerException'> (0x000000076bdd22f0) thrown at [D:\re\workspace\8-2-build-windows-amd64-cygwin\jdk8u40\3098\hotspot\src\share\vm\runtime\sharedRuntime.cpp, line 605]
Event: 2.428 Thread 0x0000000002b65800 Exception <a 'java/io/FileNotFoundException'> (0x000000076b601ab0) thrown at [D:\re\workspace\8-2-build-windows-amd64-cygwin\jdk8u40\3098\hotspot\src\share\vm\prims\jni.cpp, line 709]
Event: 2.483 Thread 0x0000000002b65800 Exception <a 'java/lang/NoClassDefFoundError'> (0x000000076bb96f30) thrown at [D:\re\workspace\8-2-build-windows-amd64-cygwin\jdk8u40\3098\hotspot\src\share\vm\oops\instanceKlass.cpp, line 938]
Event: 2.483 Thread 0x0000000002b65800 Exception <a 'java/lang/NoClassDefFoundError'> (0x000000076bb96f30) thrown at [D:\re\workspace\8-2-build-windows-amd64-cygwin\jdk8u40\3098\hotspot\src\share\vm\oops\instanceKlass.cpp, line 938]
Event: 2.518 Thread 0x0000000002b65800 Exception <a 'java/lang/NoSuchFieldError': method resolution failed> (0x000000076bd702c0) thrown at [D:\re\workspace\8-2-build-windows-amd64-cygwin\jdk8u40\3098\hotspot\src\share\vm\prims\methodHandles.cpp, line 1125]
Event: 2.519 Thread 0x0000000002b65800 Exception <a 'java/lang/NoSuchFieldError': method resolution failed> (0x000000076bd7f1a0) thrown at [D:\re\workspace\8-2-build-windows-amd64-cygwin\jdk8u40\3098\hotspot\src\share\vm\prims\methodHandles.cpp, line 1125]
Event: 2.536 Thread 0x0000000002b65800 Exception <a 'java/lang/NoSuchMethodError': java.lang.Object.lambda$andThen$6(Ljava/util/function/Function;Ljava/lang/Object;)Ljava/lang/Object;> (0x000000076be53138) thrown at [D:\re\workspace\8-2-build-windows-amd64-cygwin\jdk8u40\3098\hotspot\src\share\
Event: 2.539 Thread 0x0000000002b65800 Implicit null exception at 0x00000000030e89af to 0x00000000030e8a19

Events (10 events):
Event: 13.054 Thread 0x0000000002b65800 DEOPT PACKING pc=0x0000000002dd3648 sp=0x00000000029af300
Event: 13.054 Thread 0x0000000002b65800 DEOPT UNPACKING pc=0x0000000002ca582a sp=0x00000000029af2f8 mode 2
Event: 13.054 Thread 0x0000000002b65800 Uncommon trap: trap_request=0xffffffde fr.pc=0x0000000002dd3648
Event: 13.055 Thread 0x0000000002b65800 DEOPT PACKING pc=0x0000000002dd3648 sp=0x00000000029af300
Event: 13.055 Thread 0x0000000002b65800 DEOPT UNPACKING pc=0x0000000002ca582a sp=0x00000000029af2f8 mode 2
Event: 13.055 Thread 0x0000000002b65800 DEOPT PACKING pc=0x0000000003726c6c sp=0x00000000029af220
Event: 13.055 Thread 0x0000000002b65800 DEOPT UNPACKING pc=0x0000000002ca787f sp=0x00000000029aefb0 mode 0
Event: 13.055 Thread 0x0000000002b65800 Uncommon trap: trap_request=0xffffffde fr.pc=0x0000000002dd3648
Event: 13.055 Thread 0x0000000002b65800 DEOPT PACKING pc=0x0000000002dd3648 sp=0x00000000029af300
Event: 13.055 Thread 0x0000000002b65800 DEOPT UNPACKING pc=0x0000000002ca582a sp=0x00000000029af2f8 mode 2


Dynamic libraries:
0x00007ff6293e0000 - 0x00007ff629417000 	D:\dev\sdk\jdk1.8.0_40x64\bin\java.exe
0x00007ffb52070000 - 0x00007ffb52251000 	C:\WINDOWS\SYSTEM32\ntdll.dll
0x00007ffb4f590000 - 0x00007ffb4f641000 	C:\WINDOWS\System32\KERNEL32.DLL
0x00007ffb4e520000 - 0x00007ffb4e793000 	C:\WINDOWS\System32\KERNELBASE.dll
0x00007ffb50540000 - 0x00007ffb505e1000 	C:\WINDOWS\System32\ADVAPI32.dll
0x00007ffb51fa0000 - 0x00007ffb5203e000 	C:\WINDOWS\System32\msvcrt.dll
0x00007ffb4f6f0000 - 0x00007ffb4f74b000 	C:\WINDOWS\System32\sechost.dll
0x00007ffb4fe10000 - 0x00007ffb4ff34000 	C:\WINDOWS\System32\RPCRT4.dll
0x00007ffb51ab0000 - 0x00007ffb51c40000 	C:\WINDOWS\System32\USER32.dll
0x00007ffb4f4e0000 - 0x00007ffb4f500000 	C:\WINDOWS\System32\win32u.dll
0x00007ffb4fd80000 - 0x00007ffb4fda8000 	C:\WINDOWS\System32\GDI32.dll
0x00007ffb4f240000 - 0x00007ffb4f3d1000 	C:\WINDOWS\System32\gdi32full.dll
0x00007ffb4f1a0000 - 0x00007ffb4f23f000 	C:\WINDOWS\System32\msvcp_win.dll
0x00007ffb4eeb0000 - 0x00007ffb4efa8000 	C:\WINDOWS\System32\ucrtbase.dll
0x00007ffb40be0000 - 0x00007ffb40e49000 	C:\WINDOWS\WinSxS\amd64_microsoft.windows.common-controls_6595b64144ccf1df_6.0.17134.885_none_fb42a3473065565f\COMCTL32.dll
0x00007ffb4fa50000 - 0x00007ffb4fd72000 	C:\WINDOWS\System32\combase.dll
0x00007ffb4e4a0000 - 0x00007ffb4e519000 	C:\WINDOWS\System32\bcryptPrimitives.dll
0x00007ffb4f500000 - 0x00007ffb4f52d000 	C:\WINDOWS\System32\IMM32.DLL
0x00007ffb4e310000 - 0x00007ffb4e37e000 	C:\WINDOWS\System32\dtrampo.dll
0x00000000553f0000 - 0x00000000554c2000 	D:\dev\sdk\jdk1.8.0_40x64\jre\bin\msvcr100.dll
0x0000000053890000 - 0x0000000054113000 	D:\dev\sdk\jdk1.8.0_40x64\jre\bin\server\jvm.dll
0x00007ffb4fa40000 - 0x00007ffb4fa48000 	C:\WINDOWS\System32\PSAPI.DLL
0x00007ffb49b20000 - 0x00007ffb49b29000 	C:\WINDOWS\SYSTEM32\WSOCK32.dll
0x00007ffb505f0000 - 0x00007ffb5065c000 	C:\WINDOWS\System32\WS2_32.dll
0x00007ffb40f30000 - 0x00007ffb40f53000 	C:\WINDOWS\SYSTEM32\WINMM.dll
0x00007ffb47860000 - 0x00007ffb4786a000 	C:\WINDOWS\SYSTEM32\VERSION.dll
0x00007ffb40e50000 - 0x00007ffb40e7a000 	C:\WINDOWS\SYSTEM32\WINMMBASE.dll
0x00007ffb4f490000 - 0x00007ffb4f4d9000 	C:\WINDOWS\System32\cfgmgr32.dll
0x00000000555c0000 - 0x00000000555cf000 	D:\dev\sdk\jdk1.8.0_40x64\jre\bin\verify.dll
0x00000000553c0000 - 0x00000000553e9000 	D:\dev\sdk\jdk1.8.0_40x64\jre\bin\java.dll
0x0000000055340000 - 0x0000000055363000 	D:\dev\sdk\jdk1.8.0_40x64\jre\bin\instrument.dll
0x0000000055370000 - 0x0000000055386000 	D:\dev\sdk\jdk1.8.0_40x64\jre\bin\zip.dll
0x000000001e650000 - 0x000000001fa90000 	C:\WINDOWS\System32\SHELL32.dll
0x00007ffb51cc0000 - 0x00007ffb51d69000 	C:\WINDOWS\System32\shcore.dll
0x00007ffb4e7a0000 - 0x00007ffb4eead000 	C:\WINDOWS\System32\windows.storage.dll
0x0000000002500000 - 0x0000000002551000 	C:\WINDOWS\System32\shlwapi.dll
0x00007ffb4e420000 - 0x00007ffb4e431000 	C:\WINDOWS\System32\kernel.appcore.dll
0x00007ffb4e400000 - 0x00007ffb4e41f000 	C:\WINDOWS\System32\profapi.dll
0x00007ffb4e390000 - 0x00007ffb4e3dc000 	C:\WINDOWS\System32\powrprof.dll
0x00007ffb4e380000 - 0x00007ffb4e38a000 	C:\WINDOWS\System32\FLTLIB.DLL
0x00007ffb3bd00000 - 0x00007ffb3bd1a000 	D:\dev\ideaIC-2018.3.4.win\bin\breakgen64.dll
0x0000000054fd0000 - 0x0000000054fea000 	D:\dev\sdk\jdk1.8.0_40x64\jre\bin\net.dll
0x00007ffb4db90000 - 0x00007ffb4dbf6000 	C:\WINDOWS\system32\mswsock.dll
0x0000000054d50000 - 0x0000000054d61000 	D:\dev\sdk\jdk1.8.0_40x64\jre\bin\nio.dll
0x00007ffb4dd40000 - 0x00007ffb4dd57000 	C:\WINDOWS\SYSTEM32\CRYPTSP.dll
0x00007ffb4d780000 - 0x00007ffb4d7b3000 	C:\WINDOWS\system32\rsaenh.dll
0x00007ffb4de70000 - 0x00007ffb4de95000 	C:\WINDOWS\SYSTEM32\bcrypt.dll
0x00007ffb4e240000 - 0x00007ffb4e268000 	C:\WINDOWS\SYSTEM32\USERENV.dll
0x00007ffb4dd60000 - 0x00007ffb4dd6b000 	C:\WINDOWS\SYSTEM32\CRYPTBASE.dll
0x00007ffb4d920000 - 0x00007ffb4d958000 	C:\WINDOWS\SYSTEM32\IPHLPAPI.DLL
0x00007ffb50530000 - 0x00007ffb50538000 	C:\WINDOWS\System32\NSI.dll
0x00007ffb48cb0000 - 0x00007ffb48cc6000 	C:\WINDOWS\SYSTEM32\dhcpcsvc6.DLL
0x00007ffb489d0000 - 0x00007ffb489ea000 	C:\WINDOWS\SYSTEM32\dhcpcsvc.DLL
0x0000000052780000 - 0x0000000052918000 	D:\dev\sdk\jdk1.8.0_40x64\jre\bin\awt.dll
0x00007ffb51ed0000 - 0x00007ffb51f92000 	C:\WINDOWS\System32\OLEAUT32.dll
0x00007ffb4c290000 - 0x00007ffb4c31b000 	C:\WINDOWS\SYSTEM32\apphelp.dll
0x00007ffb484f0000 - 0x00007ffb486b9000 	C:\WINDOWS\SYSTEM32\dbghelp.dll

VM Arguments:
jvm_args: -javaagent:D:\dev\ideaIC-2018.3.4.win\lib\idea_rt.jar=63614:D:\dev\ideaIC-2018.3.4.win\bin -Dfile.encoding=UTF-8 
java_command: com.wkken.rainanalysis.WarnUtils
java_class_path (initial): D:\dev\sdk\jdk1.8.0_40x64\jre\lib\charsets.jar;D:\dev\sdk\jdk1.8.0_40x64\jre\lib\deploy.jar;D:\dev\sdk\jdk1.8.0_40x64\jre\lib\ext\access-bridge-64.jar;D:\dev\sdk\jdk1.8.0_40x64\jre\lib\ext\cldrdata.jar;D:\dev\sdk\jdk1.8.0_40x64\jre\lib\ext\dnsns.jar;D:\dev\sdk\jdk1.8.0_40x64\jre\lib\ext\jaccess.jar;D:\dev\sdk\jdk1.8.0_40x64\jre\lib\ext\jfxrt.jar;D:\dev\sdk\jdk1.8.0_40x64\jre\lib\ext\localedata.jar;D:\dev\sdk\jdk1.8.0_40x64\jre\lib\ext\nashorn.jar;D:\dev\sdk\jdk1.8.0_40x64\jre\lib\ext\sunec.jar;D:\dev\sdk\jdk1.8.0_40x64\jre\lib\ext\sunjce_provider.jar;D:\dev\sdk\jdk1.8.0_40x64\jre\lib\ext\sunmscapi.jar;D:\dev\sdk\jdk1.8.0_40x64\jre\lib\ext\sunpkcs11.jar;D:\dev\sdk\jdk1.8.0_40x64\jre\lib\ext\zipfs.jar;D:\dev\sdk\jdk1.8.0_40x64\jre\lib\javaws.jar;D:\dev\sdk\jdk1.8.0_40x64\jre\lib\jce.jar;D:\dev\sdk\jdk1.8.0_40x64\jre\lib\jfr.jar;D:\dev\sdk\jdk1.8.0_40x64\jre\lib\jfxswt.jar;D:\dev\sdk\jdk1.8.0_40x64\jre\lib\jsse.jar;D:\dev\sdk\jdk1.8.0_40x64\jre\lib\management-agent.jar;D:\dev\sdk\jdk1.8.0_40x64\jre\lib\plugin.jar;D:\dev\sdk\jdk1.8.0_40x64\jre\lib\resources.jar;D:\dev\sdk\jdk1.8.0_40x64\jre\lib\rt.jar;D:\code\java\rainanalysis\target\classes;D:\RichwayWork\MAVEN\repository\org\springframework\boot\spring-boot-starter-web\1.5.18.RELEASE\spring-boot-starter-web-1.5.18.RELEASE.jar;D:\RichwayWork\MAVEN\repository\org\springframework\boot\spring-boot-starter\1.5.18.RELEASE\spring-boot-starter-1.5.18.RELEASE.jar;D:\RichwayWork\MAVEN\repository\org\springframework\boot\spring-boot\1.5.18.RELEASE\spring-boot-1.5.18.RELEASE.jar;D:\RichwayWork\MAVEN\repository\org\springframework\boot\spring-boot-autoconfigure\1.5.18.RELEASE\spring-boot-autoconfigure-1.5.18.RELEASE.jar;D:\RichwayWork\MAVEN\repository\org\springframework\boot\spring-boot-starter-logging\1.5.18.RELEASE\spring-boot-starter-logging-1.5.18.RELEASE.jar;D:\RichwayWork\MAVEN\repository\ch\qos\logback\logback-classic\1.1.11\logback-classic-1.1.11.jar;D:\RichwayWork\MAVEN\repository\ch\qos\logb
Launcher Type: SUN_STANDARD

Environment Variables:
JAVA_HOME=D:\dev\sdk\jdk1.8.0_40x64
PATH=C:\Program Files\Docker\Docker\Resources\bin;C:\Python2711\Lib\site-packages\PyQt4;C:\ProgramData\Oracle\Java\javapath;C:\Python2711\;C:\Python2711\Scripts;C:\VideoLib;C:\Windows\system32;C:\Windows;C:\Windows\System32\Wbem;D:\dev\sdk\jdk1.8.0_40x64\bin;C:\WINDOWS\system32;C:\WINDOWS;C:\WINDOWS\System32\Wbem;C:\Program Files (x86)\Windows Kits\8.1\Windows Performance Toolkit\;C:\Users\admin\.dnx\bin;C:\Program Files\Microsoft DNX\Dnvm\;C:\Program Files (x86)\NVIDIA Corporation\PhysX\Common;C:\WINDOWS\system32;C:\WINDOWS;C:\WINDOWS\System32\Wbem;C:\WINDOWS\System32\WindowsPowerShell\v1.0\;D:\dev\Delphi7\Bin;D:\dev\Delphi7\Projects\Bpl;C:\Program Files\Microsoft SQL Server\Client SDK\ODBC\110\Tools\Binn\;C:\Program Files (x86)\Microsoft SQL Server\120\Tools\Binn\ManagementStudio\;C:\Program Files (x86)\Microsoft SQL Server\120\Tools\Binn\;C:\Program Files\Microsoft SQL Server\120\Tools\Binn\;C:\Program Files (x86)\Microsoft SQL Server\120\DTS\Binn\;D:\dev\sdk\go\bin;D:\workspace\go;D:\server\nodejs\;D:\server\mysql5617\bin;C:\Program Files\SlikSvn\bin;C:\Program Files\CMake\bin;D:\dev\sdk\gcc\bin;C:\Python36;C:\Python36\Scripts;C:\Program Files\Git\cmd;C:\WINDOWS\System32\OpenSSH\;D:\dev\svn\bin;C:\Program Files\dotnet\;C:\Program Files\NVIDIA Corporation\NVIDIA NvDLISR;D:\server\nodejs\node_global;D:\dev\android-studio\gradle\gradle-4.6\bin;C:\Users\admin\.app\;D:\dev\sdk\electron-v0.37.2-win32-x64\;C:\Python2711\;C:\Users\admin\AppData\Local\Microsoft\WindowsApps;C:\Users\admin\AppData\Roaming\npm;C:\Users\admin\AppData\Local\Programs\Fiddler;C:\Users\admin\AppData\Local\Microsoft\WindowsApps;C:\Program Files\SlikSvn\bin;C:\Users\admin\AppData\Local\GitHubDesktop\bin;C:\Users\admin\.dotnet\tools;D:\dev_setup\Android\sdk\tools;D:\dev_setup\Android\sdk\platform-tools;D:\dev\android-studio\gradle\gradle-4.6\bin;
USERNAME=admin
OS=Windows_NT
PROCESSOR_IDENTIFIER=Intel64 Family 6 Model 60 Stepping 3, GenuineIntel



---------------  S Y S T E M  ---------------

OS: Windows 10.0 , 64 bit Build 17134 (10.0.17134.753)

CPU:total 8 (4 cores per cpu, 2 threads per core) family 6 model 60 stepping 3, cmov, cx8, fxsr, mmx, sse, sse2, sse3, ssse3, sse4.1, sse4.2, popcnt, avx, avx2, aes, clmul, erms, lzcnt, ht, tsc, tscinvbit, bmi1, bmi2

Memory: 4k page, physical 16663476k(1842940k free), swap 16663476k(268k free)

vm_info: Java HotSpot(TM) 64-Bit Server VM (25.40-b25) for windows-amd64 JRE (1.8.0_40-b26), built on Mar  7 2015 13:51:59 by "java_re" with MS VC++ 10.0 (VS2010)

time: Wed Jul 24 19:28:04 2019
elapsed time: 13 seconds (0d 0h 0m 13s)

