#
# There is insufficient memory for the Java Runtime Environment to continue.
# Native memory allocation (malloc) failed to allocate 1103440 bytes for Chunk::new
# Possible reasons:
#   The system is out of physical RAM or swap space
#   In 32 bit mode, the process size limit was hit
# Possible solutions:
#   Reduce memory load on the system
#   Increase physical memory or swap space
#   Check if swap backing store is full
#   Use 64 bit Java on a 64 bit OS
#   Decrease Java heap size (-Xmx/-Xms)
#   Decrease number of Java threads
#   Decrease Java thread stack sizes (-Xss)
#   Set larger code cache with -XX:ReservedCodeCacheSize=
# This output file may be truncated or incomplete.
#
#  Out of Memory Error (allocation.cpp:390), pid=4776, tid=10076
#
# JRE version: Java(TM) SE Runtime Environment (8.0_40-b26) (build 1.8.0_40-b26)
# Java VM: Java HotSpot(TM) 64-Bit Server VM (25.40-b25 mixed mode windows-amd64 compressed oops)
# Failed to write core dump. Minidumps are not enabled by default on client versions of Windows
#

---------------  T H R E A D  ---------------

Current thread (0x000000001ffd6000):  JavaThread "C2 CompilerThread2" daemon [_thread_in_native, id=10076, stack(0x0000000020ab0000,0x0000000020bb0000)]

Stack: [0x0000000020ab0000,0x0000000020bb0000]
Native frames: (J=compiled Java code, j=interpreted, Vv=VM code, C=native code)
V  [jvm.dll+0x32b47a]
V  [jvm.dll+0x2797f3]
V  [jvm.dll+0x27a489]
V  [jvm.dll+0x2717a5]
V  [jvm.dll+0xcb9a2]
V  [jvm.dll+0xcbe6c]
V  [jvm.dll+0x464332]
V  [jvm.dll+0x4db615]
V  [jvm.dll+0x4dc217]
V  [jvm.dll+0x46a551]
V  [jvm.dll+0x46cd52]
V  [jvm.dll+0x4500d2]
V  [jvm.dll+0xa4312]
V  [jvm.dll+0xa4c4f]
V  [jvm.dll+0x241914]
V  [jvm.dll+0x29848a]
C  [msvcr100.dll+0x21d9f]
C  [msvcr100.dll+0x21e3b]
C  [KERNEL32.DLL+0x14034]
C  [ntdll.dll+0x73691]


Current CompileTask:
C2:  10126 3148       4       org.locationtech.jts.geomgraph.GeometryGraph::add (162 bytes)


---------------  P R O C E S S  ---------------

Java Threads: ( => current thread )
  0x0000000021a61000 JavaThread "WeakCollectionCleaner" daemon [_thread_blocked, id=19224, stack(0x0000000023b30000,0x0000000023c30000)]
  0x000000001ffe3800 JavaThread "Service Thread" daemon [_thread_blocked, id=18720, stack(0x0000000020cb0000,0x0000000020db0000)]
  0x000000001ffd9000 JavaThread "C1 CompilerThread3" daemon [_thread_blocked, id=20352, stack(0x0000000020bb0000,0x0000000020cb0000)]
=>0x000000001ffd6000 JavaThread "C2 CompilerThread2" daemon [_thread_in_native, id=10076, stack(0x0000000020ab0000,0x0000000020bb0000)]
  0x000000001ffd5800 JavaThread "C2 CompilerThread1" daemon [_thread_blocked, id=16196, stack(0x00000000209b0000,0x0000000020ab0000)]
  0x000000001ffd4800 JavaThread "C2 CompilerThread0" daemon [_thread_blocked, id=19248, stack(0x00000000208b0000,0x00000000209b0000)]
  0x000000001fdad800 JavaThread "Monitor Ctrl-Break" daemon [_thread_in_native, id=18396, stack(0x00000000207b0000,0x00000000208b0000)]
  0x000000001fa46000 JavaThread "Attach Listener" daemon [_thread_blocked, id=11060, stack(0x000000001feb0000,0x000000001ffb0000)]
  0x000000001fa45000 JavaThread "Signal Dispatcher" daemon [_thread_blocked, id=7520, stack(0x000000001fdb0000,0x000000001feb0000)]
  0x0000000002b5d800 JavaThread "Finalizer" daemon [_thread_blocked, id=5240, stack(0x000000001e470000,0x000000001e570000)]
  0x0000000002b57000 JavaThread "Reference Handler" daemon [_thread_blocked, id=10284, stack(0x000000001e370000,0x000000001e470000)]
  0x0000000002a65000 JavaThread "main" [_thread_in_Java, id=21044, stack(0x0000000002730000,0x0000000002830000)]

Other Threads:
  0x000000001c589800 VMThread [stack: 0x000000001e270000,0x000000001e370000] [id=2548]
  0x000000001ffe4800 WatcherThread [stack: 0x0000000020db0000,0x0000000020eb0000] [id=21012]

VM state:not at safepoint (normal execution)

VM Mutex/Monitor currently owned by a thread: None

Heap:
 PSYoungGen      total 455680K, used 387123K [0x000000076b380000, 0x000000078e400000, 0x00000007c0000000)
  eden space 439808K, 87% used [0x000000076b380000,0x0000000782be4f98,0x0000000786100000)
  from space 15872K, 10% used [0x0000000786100000,0x00000007862a8000,0x0000000787080000)
  to   space 15872K, 0% used [0x000000078d480000,0x000000078d480000,0x000000078e400000)
 ParOldGen       total 99328K, used 14596K [0x00000006c1a00000, 0x00000006c7b00000, 0x000000076b380000)
  object space 99328K, 14% used [0x00000006c1a00000,0x00000006c28411c8,0x00000006c7b00000)
 Metaspace       used 24613K, capacity 25048K, committed 25216K, reserved 1071104K
  class space    used 2800K, capacity 2888K, committed 2944K, reserved 1048576K

Card table byte_map: [0x0000000011f20000,0x0000000012720000] byte_map_base: 0x000000000e913000

Marking Bits: (ParMarkBitMap*) 0x0000000054094040
 Begin Bits: [0x0000000013470000, 0x0000000017408000)
 End Bits:   [0x0000000017408000, 0x000000001b3a0000)

Polling page: 0x0000000000a00000

CodeCache: size=245760Kb used=11089Kb max_used=11106Kb free=234670Kb
 bounds [0x0000000002b60000, 0x0000000003650000, 0x0000000011b60000]
 total_blobs=3588 nmethods=3106 adapters=394
 compilation: enabled

Compilation events (10 events):
Event: 9.835 Thread 0x000000001ffd4800 3147       4       org.locationtech.jts.algorithm.Orientation::isCCW (224 bytes)
Event: 9.841 Thread 0x000000001ffd4800 nmethod 3147 0x0000000002c72ad0 code [0x0000000002c72c60, 0x0000000002c731f8]
Event: 9.849 Thread 0x000000001ffd5800 nmethod 3146 0x000000000360bf10 code [0x000000000360c0e0, 0x000000000360ca88]
Event: 9.870 Thread 0x000000001ffd6000 3148       4       org.locationtech.jts.geomgraph.GeometryGraph::add (162 bytes)
Event: 9.871 Thread 0x000000001ffd4800 3149       4       org.locationtech.jts.geomgraph.GeometryGraph::addPolygon (46 bytes)
Event: 9.885 Thread 0x000000001ffd5800 3150       4       org.locationtech.jts.geomgraph.GeometryGraph::addPolygonRing (118 bytes)
Event: 9.951 Thread 0x000000001ffd5800 nmethod 3150 0x0000000003639550 code [0x0000000003639800, 0x000000000363b3f8]
Event: 9.952 Thread 0x000000001ffd4800 nmethod 3149 0x000000000363d250 code [0x000000000363d500, 0x000000000363f118]
Event: 10.012 Thread 0x000000001ffd5800 3151       4       org.locationtech.jts.geomgraph.index.MonotoneChainEdge::computeIntersectsForChain (161 bytes)
Event: 10.059 Thread 0x000000001ffd5800 nmethod 3151 0x0000000003641550 code [0x00000000036418e0, 0x0000000003645030]

GC Heap History (10 events):
Event: 4.730 GC heap before
{Heap before GC invocations=8 (full 1):
 PSYoungGen      total 221696K, used 221258K [0x000000076b380000, 0x000000077c480000, 0x00000007c0000000)
  eden space 217088K, 100% used [0x000000076b380000,0x0000000778780000,0x0000000778780000)
  from space 4608K, 90% used [0x000000077c000000,0x000000077c412840,0x000000077c480000)
  to   space 14336K, 0% used [0x000000077a880000,0x000000077a880000,0x000000077b680000)
 ParOldGen       total 99328K, used 11775K [0x00000006c1a00000, 0x00000006c7b00000, 0x000000076b380000)
  object space 99328K, 11% used [0x00000006c1a00000,0x00000006c257fe40,0x00000006c7b00000)
 Metaspace       used 23930K, capacity 24344K, committed 24704K, reserved 1071104K
  class space    used 2749K, capacity 2824K, committed 2944K, reserved 1048576K
Event: 4.733 GC heap after
Heap after GC invocations=8 (full 1):
 PSYoungGen      total 265216K, used 2912K [0x000000076b380000, 0x0000000782400000, 0x00000007c0000000)
  eden space 250880K, 0% used [0x000000076b380000,0x000000076b380000,0x000000077a880000)
  from space 14336K, 20% used [0x000000077a880000,0x000000077ab58000,0x000000077b680000)
  to   space 15360K, 0% used [0x0000000781500000,0x0000000781500000,0x0000000782400000)
 ParOldGen       total 99328K, used 11783K [0x00000006c1a00000, 0x00000006c7b00000, 0x000000076b380000)
  object space 99328K, 11% used [0x00000006c1a00000,0x00000006c2581e40,0x00000006c7b00000)
 Metaspace       used 23930K, capacity 24344K, committed 24704K, reserved 1071104K
  class space    used 2749K, capacity 2824K, committed 2944K, reserved 1048576K
}
Event: 5.797 GC heap before
{Heap before GC invocations=9 (full 1):
 PSYoungGen      total 265216K, used 253792K [0x000000076b380000, 0x0000000782400000, 0x00000007c0000000)
  eden space 250880K, 100% used [0x000000076b380000,0x000000077a880000,0x000000077a880000)
  from space 14336K, 20% used [0x000000077a880000,0x000000077ab58000,0x000000077b680000)
  to   space 15360K, 0% used [0x0000000781500000,0x0000000781500000,0x0000000782400000)
 ParOldGen       total 99328K, used 11783K [0x00000006c1a00000, 0x00000006c7b00000, 0x000000076b380000)
  object space 99328K, 11% used [0x00000006c1a00000,0x00000006c2581e40,0x00000006c7b00000)
 Metaspace       used 24585K, capacity 25048K, committed 25216K, reserved 1071104K
  class space    used 2800K, capacity 2888K, committed 2944K, reserved 1048576K
Event: 5.802 GC heap after
Heap after GC invocations=9 (full 1):
 PSYoungGen      total 361984K, used 3840K [0x000000076b380000, 0x0000000784b00000, 0x00000007c0000000)
  eden space 346624K, 0% used [0x000000076b380000,0x000000076b380000,0x0000000780600000)
  from space 15360K, 25% used [0x0000000781500000,0x00000007818c0000,0x0000000782400000)
  to   space 15360K, 0% used [0x0000000780600000,0x0000000780600000,0x0000000781500000)
 ParOldGen       total 99328K, used 11791K [0x00000006c1a00000, 0x00000006c7b00000, 0x000000076b380000)
  object space 99328K, 11% used [0x00000006c1a00000,0x00000006c2583e40,0x00000006c7b00000)
 Metaspace       used 24585K, capacity 25048K, committed 25216K, reserved 1071104K
  class space    used 2800K, capacity 2888K, committed 2944K, reserved 1048576K
}
Event: 7.011 GC heap before
{Heap before GC invocations=10 (full 1):
 PSYoungGen      total 361984K, used 350464K [0x000000076b380000, 0x0000000784b00000, 0x00000007c0000000)
  eden space 346624K, 100% used [0x000000076b380000,0x0000000780600000,0x0000000780600000)
  from space 15360K, 25% used [0x0000000781500000,0x00000007818c0000,0x0000000782400000)
  to   space 15360K, 0% used [0x0000000780600000,0x0000000780600000,0x0000000781500000)
 ParOldGen       total 99328K, used 11791K [0x00000006c1a00000, 0x00000006c7b00000, 0x000000076b380000)
  object space 99328K, 11% used [0x00000006c1a00000,0x00000006c2583e40,0x00000006c7b00000)
 Metaspace       used 24602K, capacity 25048K, committed 25216K, reserved 1071104K
  class space    used 2800K, capacity 2888K, committed 2944K, reserved 1048576K
Event: 7.018 GC heap after
Heap after GC invocations=10 (full 1):
 PSYoungGen      total 361984K, used 2304K [0x000000076b380000, 0x0000000788a00000, 0x00000007c0000000)
  eden space 346624K, 0% used [0x000000076b380000,0x000000076b380000,0x0000000780600000)
  from space 15360K, 15% used [0x0000000780600000,0x0000000780840000,0x0000000781500000)
  to   space 15872K, 0% used [0x0000000787a80000,0x0000000787a80000,0x0000000788a00000)
 ParOldGen       total 99328K, used 13812K [0x00000006c1a00000, 0x00000006c7b00000, 0x000000076b380000)
  object space 99328K, 13% used [0x00000006c1a00000,0x00000006c277d1c8,0x00000006c7b00000)
 Metaspace       used 24602K, capacity 25048K, committed 25216K, reserved 1071104K
  class space    used 2800K, capacity 2888K, committed 2944K, reserved 1048576K
}
Event: 8.112 GC heap before
{Heap before GC invocations=11 (full 1):
 PSYoungGen      total 361984K, used 348928K [0x000000076b380000, 0x0000000788a00000, 0x00000007c0000000)
  eden space 346624K, 100% used [0x000000076b380000,0x0000000780600000,0x0000000780600000)
  from space 15360K, 15% used [0x0000000780600000,0x0000000780840000,0x0000000781500000)
  to   space 15872K, 0% used [0x0000000787a80000,0x0000000787a80000,0x0000000788a00000)
 ParOldGen       total 99328K, used 13812K [0x00000006c1a00000, 0x00000006c7b00000, 0x000000076b380000)
  object space 99328K, 13% used [0x00000006c1a00000,0x00000006c277d1c8,0x00000006c7b00000)
 Metaspace       used 24613K, capacity 25048K, committed 25216K, reserved 1071104K
  class space    used 2800K, capacity 2888K, committed 2944K, reserved 1048576K
Event: 8.117 GC heap after
Heap after GC invocations=11 (full 1):
 PSYoungGen      total 445440K, used 2048K [0x000000076b380000, 0x0000000788000000, 0x00000007c0000000)
  eden space 439808K, 0% used [0x000000076b380000,0x000000076b380000,0x0000000786100000)
  from space 5632K, 36% used [0x0000000787a80000,0x0000000787c80000,0x0000000788000000)
  to   space 15872K, 0% used [0x0000000786100000,0x0000000786100000,0x0000000787080000)
 ParOldGen       total 99328K, used 14588K [0x00000006c1a00000, 0x00000006c7b00000, 0x000000076b380000)
  object space 99328K, 14% used [0x00000006c1a00000,0x00000006c283f1c8,0x00000006c7b00000)
 Metaspace       used 24613K, capacity 25048K, committed 25216K, reserved 1071104K
  class space    used 2800K, capacity 2888K, committed 2944K, reserved 1048576K
}
Event: 9.344 GC heap before
{Heap before GC invocations=12 (full 1):
 PSYoungGen      total 445440K, used 441856K [0x000000076b380000, 0x0000000788000000, 0x00000007c0000000)
  eden space 439808K, 100% used [0x000000076b380000,0x0000000786100000,0x0000000786100000)
  from space 5632K, 36% used [0x0000000787a80000,0x0000000787c80000,0x0000000788000000)
  to   space 15872K, 0% used [0x0000000786100000,0x0000000786100000,0x0000000787080000)
 ParOldGen       total 99328K, used 14588K [0x00000006c1a00000, 0x00000006c7b00000, 0x000000076b380000)
  object space 99328K, 14% used [0x00000006c1a00000,0x00000006c283f1c8,0x00000006c7b00000)
 Metaspace       used 24613K, capacity 25048K, committed 25216K, reserved 1071104K
  class space    used 2800K, capacity 2888K, committed 2944K, reserved 1048576K
Event: 9.346 GC heap after
Heap after GC invocations=12 (full 1):
 PSYoungGen      total 455680K, used 1696K [0x000000076b380000, 0x000000078e400000, 0x00000007c0000000)
  eden space 439808K, 0% used [0x000000076b380000,0x000000076b380000,0x0000000786100000)
  from space 15872K, 10% used [0x0000000786100000,0x00000007862a8000,0x0000000787080000)
  to   space 15872K, 0% used [0x000000078d480000,0x000000078d480000,0x000000078e400000)
 ParOldGen       total 99328K, used 14596K [0x00000006c1a00000, 0x00000006c7b00000, 0x000000076b380000)
  object space 99328K, 14% used [0x00000006c1a00000,0x00000006c28411c8,0x00000006c7b00000)
 Metaspace       used 24613K, capacity 25048K, committed 25216K, reserved 1071104K
  class space    used 2800K, capacity 2888K, committed 2944K, reserved 1048576K
}

Deoptimization events (10 events):
Event: 5.114 Thread 0x0000000002a65000 Uncommon trap: reason=unstable_if action=reinterpret pc=0x0000000003310b20 method=org.locationtech.jts.geom.Envelope.init(DDDD)V @ 3
Event: 5.119 Thread 0x0000000002a65000 Uncommon trap: reason=unstable_if action=reinterpret pc=0x00000000032907b0 method=org.locationtech.jts.geom.Coordinates.create(II)Lorg/locationtech/jts/geom/Coordinate; @ 2
Event: 5.122 Thread 0x0000000002a65000 Uncommon trap: reason=unstable_if action=reinterpret pc=0x000000000334cc0c method=org.locationtech.jts.geom.Coordinate.equals2D(Lorg/locationtech/jts/geom/Coordinate;)Z @ 23
Event: 5.371 Thread 0x0000000002a65000 Uncommon trap: reason=unstable_if action=reinterpret pc=0x0000000003431274 method=org.locationtech.jts.algorithm.RobustLineIntersector.computeIntersect(Lorg/locationtech/jts/geom/Coordinate;Lorg/locationtech/jts/geom/Coordinate;Lorg/locationtech/jts/geom/C^>=’Ð@
Event: 5.954 Thread 0x0000000002a65000 Uncommon trap: reason=unstable_if action=reinterpret pc=0x00000000034ca64c method=org.locationtech.jts.geomgraph.index.SegmentIntersector.addIntersections(Lorg/locationtech/jts/geomgraph/Edge;ILorg/locationtech/jts/geomgraph/Edge;I)V @ 89
Event: 9.799 Thread 0x0000000002a65000 Uncommon trap: reason=unstable_if action=reinterpret pc=0x00000000035a79bc method=org.locationtech.jts.algorithm.Orientation.isCCW([Lorg/locationtech/jts/geom/Coordinate;)Z @ 77
Event: 9.806 Thread 0x0000000002a65000 Uncommon trap: reason=unstable_if action=reinterpret pc=0x000000000348b124 method=org.locationtech.jts.algorithm.Orientation.isCCW([Lorg/locationtech/jts/geom/Coordinate;)Z @ 77
Event: 9.807 Thread 0x0000000002a65000 Uncommon trap: reason=unstable_if action=reinterpret pc=0x00000000035782a0 method=org.locationtech.jts.algorithm.Orientation.isCCW([Lorg/locationtech/jts/geom/Coordinate;)Z @ 77
Event: 9.814 Thread 0x0000000002a65000 Uncommon trap: reason=unstable_if action=reinterpret pc=0x000000000344ce88 method=org.locationtech.jts.algorithm.Orientation.isCCW([Lorg/locationtech/jts/geom/Coordinate;)Z @ 77
Event: 9.815 Thread 0x0000000002a65000 Uncommon trap: reason=unstable_if action=reinterpret pc=0x00000000035bc1d4 method=org.locationtech.jts.algorithm.Orientation.isCCW([Lorg/locationtech/jts/geom/Coordinate;)Z @ 77

Internal exceptions (10 events):
Event: 1.917 Thread 0x0000000002a65000 Exception <a 'java/lang/NullPointerException'> (0x000000076bd829d0) thrown at [D:\re\workspace\8-2-build-windows-amd64-cygwin\jdk8u40\3098\hotspot\src\share\vm\runtime\sharedRuntime.cpp, line 605]
Event: 1.917 Thread 0x0000000002a65000 Implicit null exception at 0x0000000002efe297 to 0x0000000002efe9a1
Event: 1.917 Thread 0x0000000002a65000 Exception <a 'java/lang/NullPointerException'> (0x000000076bd836e8) thrown at [D:\re\workspace\8-2-build-windows-amd64-cygwin\jdk8u40\3098\hotspot\src\share\vm\runtime\sharedRuntime.cpp, line 605]
Event: 2.544 Thread 0x0000000002a65000 Exception <a 'java/io/FileNotFoundException'> (0x000000076b5db038) thrown at [D:\re\workspace\8-2-build-windows-amd64-cygwin\jdk8u40\3098\hotspot\src\share\vm\prims\jni.cpp, line 709]
Event: 2.604 Thread 0x0000000002a65000 Exception <a 'java/lang/NoClassDefFoundError'> (0x000000076bb6a8b8) thrown at [D:\re\workspace\8-2-build-windows-amd64-cygwin\jdk8u40\3098\hotspot\src\share\vm\oops\instanceKlass.cpp, line 938]
Event: 2.604 Thread 0x0000000002a65000 Exception <a 'java/lang/NoClassDefFoundError'> (0x000000076bb6a8b8) thrown at [D:\re\workspace\8-2-build-windows-amd64-cygwin\jdk8u40\3098\hotspot\src\share\vm\oops\instanceKlass.cpp, line 938]
Event: 2.643 Thread 0x0000000002a65000 Exception <a 'java/lang/NoSuchFieldError': method resolution failed> (0x000000076bd42688) thrown at [D:\re\workspace\8-2-build-windows-amd64-cygwin\jdk8u40\3098\hotspot\src\share\vm\prims\methodHandles.cpp, line 1125]
Event: 2.644 Thread 0x0000000002a65000 Exception <a 'java/lang/NoSuchFieldError': method resolution failed> (0x000000076bd51568) thrown at [D:\re\workspace\8-2-build-windows-amd64-cygwin\jdk8u40\3098\hotspot\src\share\vm\prims\methodHandles.cpp, line 1125]
Event: 2.661 Thread 0x0000000002a65000 Exception <a 'java/lang/NoSuchMethodError': java.lang.Object.lambda$andThen$6(Ljava/util/function/Function;Ljava/lang/Object;)Ljava/lang/Object;> (0x000000076be25398) thrown at [D:\re\workspace\8-2-build-windows-amd64-cygwin\jdk8u40\3098\hotspot\src\share\
Event: 2.665 Thread 0x0000000002a65000 Implicit null exception at 0x0000000002fdcc6f to 0x0000000002fdccd9

Events (10 events):
Event: 9.806 Thread 0x0000000002a65000 DEOPT UNPACKING pc=0x0000000002ba582a sp=0x000000000282ef48 mode 2
Event: 9.807 Thread 0x0000000002a65000 Uncommon trap: trap_request=0xffffff65 fr.pc=0x00000000035782a0
Event: 9.807 Thread 0x0000000002a65000 DEOPT PACKING pc=0x00000000035782a0 sp=0x000000000282eed0
Event: 9.807 Thread 0x0000000002a65000 DEOPT UNPACKING pc=0x0000000002ba582a sp=0x000000000282edc8 mode 2
Event: 9.814 Thread 0x0000000002a65000 Uncommon trap: trap_request=0xffffff65 fr.pc=0x000000000344ce88
Event: 9.814 Thread 0x0000000002a65000 DEOPT PACKING pc=0x000000000344ce88 sp=0x000000000282ef50
Event: 9.814 Thread 0x0000000002a65000 DEOPT UNPACKING pc=0x0000000002ba582a sp=0x000000000282eec8 mode 2
Event: 9.815 Thread 0x0000000002a65000 Uncommon trap: trap_request=0xffffff65 fr.pc=0x00000000035bc1d4
Event: 9.815 Thread 0x0000000002a65000 DEOPT PACKING pc=0x00000000035bc1d4 sp=0x000000000282edf0
Event: 9.815 Thread 0x0000000002a65000 DEOPT UNPACKING pc=0x0000000002ba582a sp=0x000000000282ed48 mode 2


Dynamic libraries:
0x00007ff6293e0000 - 0x00007ff629417000 	D:\dev\sdk\jdk1.8.0_40x64\bin\java.exe
0x00007ffb52070000 - 0x00007ffb52251000 	C:\WINDOWS\SYSTEM32\ntdll.dll
0x00007ffb4f590000 - 0x00007ffb4f641000 	C:\WINDOWS\System32\KERNEL32.DLL
0x00007ffb4e520000 - 0x00007ffb4e793000 	C:\WINDOWS\System32\KERNELBASE.dll
0x00007ffb50540000 - 0x00007ffb505e1000 	C:\WINDOWS\System32\ADVAPI32.dll
0x00007ffb51fa0000 - 0x00007ffb5203e000 	C:\WINDOWS\System32\msvcrt.dll
0x00007ffb4f6f0000 - 0x00007ffb4f74b000 	C:\WINDOWS\System32\sechost.dll
0x00007ffb4fe10000 - 0x00007ffb4ff34000 	C:\WINDOWS\System32\RPCRT4.dll
0x00007ffb51ab0000 - 0x00007ffb51c40000 	C:\WINDOWS\System32\USER32.dll
0x00007ffb4f4e0000 - 0x00007ffb4f500000 	C:\WINDOWS\System32\win32u.dll
0x00007ffb4fd80000 - 0x00007ffb4fda8000 	C:\WINDOWS\System32\GDI32.dll
0x00007ffb4f240000 - 0x00007ffb4f3d1000 	C:\WINDOWS\System32\gdi32full.dll
0x00007ffb4f1a0000 - 0x00007ffb4f23f000 	C:\WINDOWS\System32\msvcp_win.dll
0x00007ffb4eeb0000 - 0x00007ffb4efa8000 	C:\WINDOWS\System32\ucrtbase.dll
0x00007ffb40be0000 - 0x00007ffb40e49000 	C:\WINDOWS\WinSxS\amd64_microsoft.windows.common-controls_6595b64144ccf1df_6.0.17134.885_none_fb42a3473065565f\COMCTL32.dll
0x00007ffb4fa50000 - 0x00007ffb4fd72000 	C:\WINDOWS\System32\combase.dll
0x00007ffb4e4a0000 - 0x00007ffb4e519000 	C:\WINDOWS\System32\bcryptPrimitives.dll
0x00007ffb4f500000 - 0x00007ffb4f52d000 	C:\WINDOWS\System32\IMM32.DLL
0x00007ffb4e310000 - 0x00007ffb4e37e000 	C:\WINDOWS\System32\dtrampo.dll
0x00000000553f0000 - 0x00000000554c2000 	D:\dev\sdk\jdk1.8.0_40x64\jre\bin\msvcr100.dll
0x0000000053890000 - 0x0000000054113000 	D:\dev\sdk\jdk1.8.0_40x64\jre\bin\server\jvm.dll
0x00007ffb4fa40000 - 0x00007ffb4fa48000 	C:\WINDOWS\System32\PSAPI.DLL
0x00007ffb49b20000 - 0x00007ffb49b29000 	C:\WINDOWS\SYSTEM32\WSOCK32.dll
0x00007ffb505f0000 - 0x00007ffb5065c000 	C:\WINDOWS\System32\WS2_32.dll
0x00007ffb40f30000 - 0x00007ffb40f53000 	C:\WINDOWS\SYSTEM32\WINMM.dll
0x00007ffb47860000 - 0x00007ffb4786a000 	C:\WINDOWS\SYSTEM32\VERSION.dll
0x00007ffb40e50000 - 0x00007ffb40e7a000 	C:\WINDOWS\SYSTEM32\WINMMBASE.dll
0x00007ffb4f490000 - 0x00007ffb4f4d9000 	C:\WINDOWS\System32\cfgmgr32.dll
0x00000000555c0000 - 0x00000000555cf000 	D:\dev\sdk\jdk1.8.0_40x64\jre\bin\verify.dll
0x00000000553c0000 - 0x00000000553e9000 	D:\dev\sdk\jdk1.8.0_40x64\jre\bin\java.dll
0x0000000055340000 - 0x0000000055363000 	D:\dev\sdk\jdk1.8.0_40x64\jre\bin\instrument.dll
0x0000000055370000 - 0x0000000055386000 	D:\dev\sdk\jdk1.8.0_40x64\jre\bin\zip.dll
0x000000001e570000 - 0x000000001f9b0000 	C:\WINDOWS\System32\SHELL32.dll
0x00007ffb51cc0000 - 0x00007ffb51d69000 	C:\WINDOWS\System32\shcore.dll
0x00007ffb4e7a0000 - 0x00007ffb4eead000 	C:\WINDOWS\System32\windows.storage.dll
0x00000000028d0000 - 0x0000000002921000 	C:\WINDOWS\System32\shlwapi.dll
0x00007ffb4e420000 - 0x00007ffb4e431000 	C:\WINDOWS\System32\kernel.appcore.dll
0x00007ffb4e400000 - 0x00007ffb4e41f000 	C:\WINDOWS\System32\profapi.dll
0x00007ffb4e390000 - 0x00007ffb4e3dc000 	C:\WINDOWS\System32\powrprof.dll
0x00007ffb4e380000 - 0x00007ffb4e38a000 	C:\WINDOWS\System32\FLTLIB.DLL
0x00007ffb3bd00000 - 0x00007ffb3bd1a000 	D:\dev\ideaIC-2018.3.4.win\bin\breakgen64.dll
0x0000000054fd0000 - 0x0000000054fea000 	D:\dev\sdk\jdk1.8.0_40x64\jre\bin\net.dll
0x00007ffb4db90000 - 0x00007ffb4dbf6000 	C:\WINDOWS\system32\mswsock.dll
0x0000000054d50000 - 0x0000000054d61000 	D:\dev\sdk\jdk1.8.0_40x64\jre\bin\nio.dll
0x00007ffb4dd40000 - 0x00007ffb4dd57000 	C:\WINDOWS\SYSTEM32\CRYPTSP.dll
0x00007ffb4d780000 - 0x00007ffb4d7b3000 	C:\WINDOWS\system32\rsaenh.dll
0x00007ffb4de70000 - 0x00007ffb4de95000 	C:\WINDOWS\SYSTEM32\bcrypt.dll
0x00007ffb4e240000 - 0x00007ffb4e268000 	C:\WINDOWS\SYSTEM32\USERENV.dll
0x00007ffb4dd60000 - 0x00007ffb4dd6b000 	C:\WINDOWS\SYSTEM32\CRYPTBASE.dll
0x00007ffb4d920000 - 0x00007ffb4d958000 	C:\WINDOWS\SYSTEM32\IPHLPAPI.DLL
0x00007ffb50530000 - 0x00007ffb50538000 	C:\WINDOWS\System32\NSI.dll
0x00007ffb48cb0000 - 0x00007ffb48cc6000 	C:\WINDOWS\SYSTEM32\dhcpcsvc6.DLL
0x00007ffb489d0000 - 0x00007ffb489ea000 	C:\WINDOWS\SYSTEM32\dhcpcsvc.DLL
0x0000000052780000 - 0x0000000052918000 	D:\dev\sdk\jdk1.8.0_40x64\jre\bin\awt.dll
0x00007ffb51ed0000 - 0x00007ffb51f92000 	C:\WINDOWS\System32\OLEAUT32.dll
0x00007ffb4c290000 - 0x00007ffb4c31b000 	C:\WINDOWS\SYSTEM32\apphelp.dll
0x00007ffb484f0000 - 0x00007ffb486b9000 	C:\WINDOWS\SYSTEM32\dbghelp.dll

VM Arguments:
jvm_args: -javaagent:D:\dev\ideaIC-2018.3.4.win\lib\idea_rt.jar=63375:D:\dev\ideaIC-2018.3.4.win\bin -Dfile.encoding=UTF-8 
java_command: com.wkken.rainanalysis.WarnUtils
java_class_path (initial): D:\dev\sdk\jdk1.8.0_40x64\jre\lib\charsets.jar;D:\dev\sdk\jdk1.8.0_40x64\jre\lib\deploy.jar;D:\dev\sdk\jdk1.8.0_40x64\jre\lib\ext\access-bridge-64.jar;D:\dev\sdk\jdk1.8.0_40x64\jre\lib\ext\cldrdata.jar;D:\dev\sdk\jdk1.8.0_40x64\jre\lib\ext\dnsns.jar;D:\dev\sdk\jdk1.8.0_40x64\jre\lib\ext\jaccess.jar;D:\dev\sdk\jdk1.8.0_40x64\jre\lib\ext\jfxrt.jar;D:\dev\sdk\jdk1.8.0_40x64\jre\lib\ext\localedata.jar;D:\dev\sdk\jdk1.8.0_40x64\jre\lib\ext\nashorn.jar;D:\dev\sdk\jdk1.8.0_40x64\jre\lib\ext\sunec.jar;D:\dev\sdk\jdk1.8.0_40x64\jre\lib\ext\sunjce_provider.jar;D:\dev\sdk\jdk1.8.0_40x64\jre\lib\ext\sunmscapi.jar;D:\dev\sdk\jdk1.8.0_40x64\jre\lib\ext\sunpkcs11.jar;D:\dev\sdk\jdk1.8.0_40x64\jre\lib\ext\zipfs.jar;D:\dev\sdk\jdk1.8.0_40x64\jre\lib\javaws.jar;D:\dev\sdk\jdk1.8.0_40x64\jre\lib\jce.jar;D:\dev\sdk\jdk1.8.0_40x64\jre\lib\jfr.jar;D:\dev\sdk\jdk1.8.0_40x64\jre\lib\jfxswt.jar;D:\dev\sdk\jdk1.8.0_40x64\jre\lib\jsse.jar;D:\dev\sdk\jdk1.8.0_40x64\jre\lib\management-agent.jar;D:\dev\sdk\jdk1.8.0_40x64\jre\lib\plugin.jar;D:\dev\sdk\jdk1.8.0_40x64\jre\lib\resources.jar;D:\dev\sdk\jdk1.8.0_40x64\jre\lib\rt.jar;D:\code\java\rainanalysis\target\classes;D:\RichwayWork\MAVEN\repository\org\springframework\boot\spring-boot-starter-web\1.5.18.RELEASE\spring-boot-starter-web-1.5.18.RELEASE.jar;D:\RichwayWork\MAVEN\repository\org\springframework\boot\spring-boot-starter\1.5.18.RELEASE\spring-boot-starter-1.5.18.RELEASE.jar;D:\RichwayWork\MAVEN\repository\org\springframework\boot\spring-boot\1.5.18.RELEASE\spring-boot-1.5.18.RELEASE.jar;D:\RichwayWork\MAVEN\repository\org\springframework\boot\spring-boot-autoconfigure\1.5.18.RELEASE\spring-boot-autoconfigure-1.5.18.RELEASE.jar;D:\RichwayWork\MAVEN\repository\org\springframework\boot\spring-boot-starter-logging\1.5.18.RELEASE\spring-boot-starter-logging-1.5.18.RELEASE.jar;D:\RichwayWork\MAVEN\repository\ch\qos\logback\logback-classic\1.1.11\logback-classic-1.1.11.jar;D:\RichwayWork\MAVEN\repository\ch\qos\logb
Launcher Type: SUN_STANDARD

Environment Variables:
JAVA_HOME=D:\dev\sdk\jdk1.8.0_40x64
PATH=C:\Program Files\Docker\Docker\Resources\bin;C:\Python2711\Lib\site-packages\PyQt4;C:\ProgramData\Oracle\Java\javapath;C:\Python2711\;C:\Python2711\Scripts;C:\VideoLib;C:\Windows\system32;C:\Windows;C:\Windows\System32\Wbem;D:\dev\sdk\jdk1.8.0_40x64\bin;C:\WINDOWS\system32;C:\WINDOWS;C:\WINDOWS\System32\Wbem;C:\Program Files (x86)\Windows Kits\8.1\Windows Performance Toolkit\;C:\Users\admin\.dnx\bin;C:\Program Files\Microsoft DNX\Dnvm\;C:\Program Files (x86)\NVIDIA Corporation\PhysX\Common;C:\WINDOWS\system32;C:\WINDOWS;C:\WINDOWS\System32\Wbem;C:\WINDOWS\System32\WindowsPowerShell\v1.0\;D:\dev\Delphi7\Bin;D:\dev\Delphi7\Projects\Bpl;C:\Program Files\Microsoft SQL Server\Client SDK\ODBC\110\Tools\Binn\;C:\Program Files (x86)\Microsoft SQL Server\120\Tools\Binn\ManagementStudio\;C:\Program Files (x86)\Microsoft SQL Server\120\Tools\Binn\;C:\Program Files\Microsoft SQL Server\120\Tools\Binn\;C:\Program Files (x86)\Microsoft SQL Server\120\DTS\Binn\;D:\dev\sdk\go\bin;D:\workspace\go;D:\server\nodejs\;D:\server\mysql5617\bin;C:\Program Files\SlikSvn\bin;C:\Program Files\CMake\bin;D:\dev\sdk\gcc\bin;C:\Python36;C:\Python36\Scripts;C:\Program Files\Git\cmd;C:\WINDOWS\System32\OpenSSH\;D:\dev\svn\bin;C:\Program Files\dotnet\;C:\Program Files\NVIDIA Corporation\NVIDIA NvDLISR;D:\server\nodejs\node_global;D:\dev\android-studio\gradle\gradle-4.6\bin;C:\Users\admin\.app\;D:\dev\sdk\electron-v0.37.2-win32-x64\;C:\Python2711\;C:\Users\admin\AppData\Local\Microsoft\WindowsApps;C:\Users\admin\AppData\Roaming\npm;C:\Users\admin\AppData\Local\Programs\Fiddler;C:\Users\admin\AppData\Local\Microsoft\WindowsApps;C:\Program Files\SlikSvn\bin;C:\Users\admin\AppData\Local\GitHubDesktop\bin;C:\Users\admin\.dotnet\tools;D:\dev_setup\Android\sdk\tools;D:\dev_setup\Android\sdk\platform-tools;D:\dev\android-studio\gradle\gradle-4.6\bin;
USERNAME=admin
OS=Windows_NT
PROCESSOR_IDENTIFIER=Intel64 Family 6 Model 60 Stepping 3, GenuineIntel



---------------  S Y S T E M  ---------------

OS: Windows 10.0 , 64 bit Build 17134 (10.0.17134.753)

CPU:total 8 (4 cores per cpu, 2 threads per core) family 6 model 60 stepping 3, cmov, cx8, fxsr, mmx, sse, sse2, sse3, ssse3, sse4.1, sse4.2, popcnt, avx, avx2, aes, clmul, erms, lzcnt, ht, tsc, tscinvbit, bmi1, bmi2

Memory: 4k page, physical 16663476k(1878552k free), swap 16663476k(4380k free)

vm_info: Java HotSpot(TM) 64-Bit Server VM (25.40-b25) for windows-amd64 JRE (1.8.0_40-b26), built on Mar  7 2015 13:51:59 by "java_re" with MS VC++ 10.0 (VS2010)

time: Wed Jul 24 19:17:01 2019
elapsed time: 10 seconds (0d 0h 0m 10s)

